<?xml version="1.0" encoding="UTF-8" standalone="no"?>
<testsuite failures="1" name="cucumber.runtime.formatter.JUnitFormatter" skipped="0" tests="1" time="41.608983">
<testcase classname="Kayak Search Page" name="Kayak Search Scenario" time="41.608983">
<failure message="org.openqa.selenium.WebDriverException: chrome not reachable&#10;  (Session info: chrome=80.0.3987.163)&#10;Build info: version: '3.141.59', revision: 'e82be7d358', time: '2018-11-14T08:17:03'&#10;System info: host: 'DESKTOP-38O48P3', ip: '192.168.254.1', os.name: 'Windows 10', os.arch: 'amd64', os.version: '10.0', java.version: '1.8.0_201'&#10;Driver info: org.openqa.selenium.chrome.ChromeDriver&#10;Capabilities {acceptInsecureCerts: false, browserName: chrome, browserVersion: 80.0.3987.163, chrome: {chromedriverVersion: 80.0.3987.106 (f68069574609..., userDataDir: C:\Users\Nayana\AppData\Loc...}, goog:chromeOptions: {debuggerAddress: localhost:55897}, javascriptEnabled: true, networkConnectionEnabled: false, pageLoadStrategy: normal, platform: WINDOWS, platformName: WINDOWS, proxy: Proxy(), setWindowRect: true, strictFileInteractability: false, timeouts: {implicit: 0, pageLoad: 300000, script: 30000}, unhandledPromptBehavior: dismiss and notify}&#10;Session ID: b59f362d99f4a5cd7dd3ebee9fa4cb2a&#10;*** Element info: {Using=xpath, value=//input[contains(@id,'destination-airport')][@placeholder='To?']']}&#13;&#10;&#9;at sun.reflect.NativeConstructorAccessorImpl.newInstance0(Native Method)&#13;&#10;&#9;at sun.reflect.NativeConstructorAccessorImpl.newInstance(NativeConstructorAccessorImpl.java:62)&#13;&#10;&#9;at sun.reflect.DelegatingConstructorAccessorImpl.newInstance(DelegatingConstructorAccessorImpl.java:45)&#13;&#10;&#9;at java.lang.reflect.Constructor.newInstance(Constructor.java:423)&#13;&#10;&#9;at org.openqa.selenium.remote.http.W3CHttpResponseCodec.createException(W3CHttpResponseCodec.java:187)&#13;&#10;&#9;at org.openqa.selenium.remote.http.W3CHttpResponseCodec.decode(W3CHttpResponseCodec.java:122)&#13;&#10;&#9;at org.openqa.selenium.remote.http.W3CHttpResponseCodec.decode(W3CHttpResponseCodec.java:49)&#13;&#10;&#9;at org.openqa.selenium.remote.HttpCommandExecutor.execute(HttpCommandExecutor.java:158)&#13;&#10;&#9;at org.openqa.selenium.remote.service.DriverCommandExecutor.execute(DriverCommandExecutor.java:83)&#13;&#10;&#9;at org.openqa.selenium.remote.RemoteWebDriver.execute(RemoteWebDriver.java:552)&#13;&#10;&#9;at org.openqa.selenium.remote.RemoteWebDriver.findElement(RemoteWebDriver.java:323)&#13;&#10;&#9;at org.openqa.selenium.remote.RemoteWebDriver.findElementByXPath(RemoteWebDriver.java:428)&#13;&#10;&#9;at org.openqa.selenium.By$ByXPath.findElement(By.java:353)&#13;&#10;&#9;at org.openqa.selenium.remote.RemoteWebDriver.findElement(RemoteWebDriver.java:315)&#13;&#10;&#9;at org.openqa.selenium.support.ui.ExpectedConditions$7.apply(ExpectedConditions.java:205)&#13;&#10;&#9;at org.openqa.selenium.support.ui.ExpectedConditions$7.apply(ExpectedConditions.java:201)&#13;&#10;&#9;at org.openqa.selenium.support.ui.FluentWait.until(FluentWait.java:249)&#13;&#10;&#9;at com.qa.util.TestUtil.waitForElement(TestUtil.java:16)&#13;&#10;&#9;at com.qa.pages.HomePage.arrivalForm(HomePage.java:91)&#13;&#10;&#9;at com.qa.stepDefination.HomePageStepDefination.user_click_on_arrivalBox_and_uncheck_the_check_box(HomePageStepDefination.java:51)&#13;&#10;&#9;at ✽.Then user click on arrivalBox and uncheck the check box(kayak.feature:6)&#13;&#10;"><![CDATA[Given user is on Kayak Search page..........................................passed
When user verify the pageTitle "Search Flights, Hotels & Rental Cars | KAYAK".passed
Then user click on arrivalBox and uncheck the check box.....................failed
Then user enters  Search details "<Arrival>" and "<Departure>" and "<ArrivalDate>" and "<DepartureDate>".skipped
Then user clicks Search Icon................................................skipped
Then user select the search result..........................................skipped
Then close the Browser......................................................skipped

StackTrace:
org.openqa.selenium.WebDriverException: chrome not reachable
  (Session info: chrome=80.0.3987.163)
Build info: version: '3.141.59', revision: 'e82be7d358', time: '2018-11-14T08:17:03'
System info: host: 'DESKTOP-38O48P3', ip: '192.168.254.1', os.name: 'Windows 10', os.arch: 'amd64', os.version: '10.0', java.version: '1.8.0_201'
Driver info: org.openqa.selenium.chrome.ChromeDriver
Capabilities {acceptInsecureCerts: false, browserName: chrome, browserVersion: 80.0.3987.163, chrome: {chromedriverVersion: 80.0.3987.106 (f68069574609..., userDataDir: C:\Users\Nayana\AppData\Loc...}, goog:chromeOptions: {debuggerAddress: localhost:55897}, javascriptEnabled: true, networkConnectionEnabled: false, pageLoadStrategy: normal, platform: WINDOWS, platformName: WINDOWS, proxy: Proxy(), setWindowRect: true, strictFileInteractability: false, timeouts: {implicit: 0, pageLoad: 300000, script: 30000}, unhandledPromptBehavior: dismiss and notify}
Session ID: b59f362d99f4a5cd7dd3ebee9fa4cb2a
*** Element info: {Using=xpath, value=//input[contains(@id,'destination-airport')][@placeholder='To?']']}
	at sun.reflect.NativeConstructorAccessorImpl.newInstance0(Native Method)
	at sun.reflect.NativeConstructorAccessorImpl.newInstance(NativeConstructorAccessorImpl.java:62)
	at sun.reflect.DelegatingConstructorAccessorImpl.newInstance(DelegatingConstructorAccessorImpl.java:45)
	at java.lang.reflect.Constructor.newInstance(Constructor.java:423)
	at org.openqa.selenium.remote.http.W3CHttpResponseCodec.createException(W3CHttpResponseCodec.java:187)
	at org.openqa.selenium.remote.http.W3CHttpResponseCodec.decode(W3CHttpResponseCodec.java:122)
	at org.openqa.selenium.remote.http.W3CHttpResponseCodec.decode(W3CHttpResponseCodec.java:49)
	at org.openqa.selenium.remote.HttpCommandExecutor.execute(HttpCommandExecutor.java:158)
	at org.openqa.selenium.remote.service.DriverCommandExecutor.execute(DriverCommandExecutor.java:83)
	at org.openqa.selenium.remote.RemoteWebDriver.execute(RemoteWebDriver.java:552)
	at org.openqa.selenium.remote.RemoteWebDriver.findElement(RemoteWebDriver.java:323)
	at org.openqa.selenium.remote.RemoteWebDriver.findElementByXPath(RemoteWebDriver.java:428)
	at org.openqa.selenium.By$ByXPath.findElement(By.java:353)
	at org.openqa.selenium.remote.RemoteWebDriver.findElement(RemoteWebDriver.java:315)
	at org.openqa.selenium.support.ui.ExpectedConditions$7.apply(ExpectedConditions.java:205)
	at org.openqa.selenium.support.ui.ExpectedConditions$7.apply(ExpectedConditions.java:201)
	at org.openqa.selenium.support.ui.FluentWait.until(FluentWait.java:249)
	at com.qa.util.TestUtil.waitForElement(TestUtil.java:16)
	at com.qa.pages.HomePage.arrivalForm(HomePage.java:91)
	at com.qa.stepDefination.HomePageStepDefination.user_click_on_arrivalBox_and_uncheck_the_check_box(HomePageStepDefination.java:51)
	at ✽.Then user click on arrivalBox and uncheck the check box(kayak.feature:6)
]]></failure>
</testcase>
</testsuite>
